2021-08-22 05:21:45,820:WARNING:discord.client: PyNaCl is not installed, voice will NOT be supported
2021-08-22 05:21:45,820:DEBUG:discord.client: on_ready has successfully been registered as an event
2021-08-22 05:21:45,821:DEBUG:discord.client: on_message has successfully been registered as an event
2021-08-22 05:21:45,822:INFO:discord.client: logging in using static token
2021-08-22 05:21:45,946:DEBUG:discord.http: GET https://discord.com/api/v7/users/@me with None has returned 200
2021-08-22 05:21:45,946:DEBUG:discord.http: GET https://discord.com/api/v7/users/@me has received {'id': '877779972184498206', 'username': 'Sires-minion', 'avatar': 'abdd981d29119b2bc52ff4eaa1bd41fc', 'discriminator': '9555', 'public_flags': 0, 'flags': 0, 'bot': True, 'banner': None, 'banner_color': None, 'accent_color': None, 'bio': '', 'locale': 'en-US', 'mfa_enabled': True, 'email': None, 'verified': True}
2021-08-22 05:21:45,968:DEBUG:discord.http: GET https://discord.com/api/v7/gateway with None has returned 200
2021-08-22 05:21:45,968:DEBUG:discord.http: GET https://discord.com/api/v7/gateway has received {'url': 'wss://gateway.discord.gg'}
2021-08-22 05:21:46,050:DEBUG:discord.gateway: Created websocket connected to wss://gateway.discord.gg?encoding=json&v=6&compress=zlib-stream
2021-08-22 05:21:46,050:DEBUG:discord.client: Dispatching event socket_raw_receive
2021-08-22 05:21:46,050:DEBUG:discord.gateway: For Shard ID None: WebSocket Event: {'t': None, 's': None, 'op': 10, 'd': {'heartbeat_interval': 41250, '_trace': ['["gateway-prd-main-8lpm",{"micros":0.0}]']}}
2021-08-22 05:21:46,050:DEBUG:discord.client: Dispatching event socket_response
2021-08-22 05:21:46,051:DEBUG:discord.client: Dispatching event socket_raw_send
2021-08-22 05:21:46,051:DEBUG:discord.client: Dispatching event socket_raw_send
2021-08-22 05:21:46,051:INFO:discord.gateway: Shard ID None has sent the IDENTIFY payload.
2021-08-22 05:21:46,089:DEBUG:discord.client: Dispatching event socket_raw_receive
2021-08-22 05:21:46,089:DEBUG:discord.gateway: For Shard ID None: WebSocket Event: {'t': None, 's': None, 'op': 11, 'd': None}
2021-08-22 05:21:46,089:DEBUG:discord.client: Dispatching event socket_response
2021-08-22 05:21:46,175:DEBUG:discord.client: Dispatching event socket_raw_receive
2021-08-22 05:21:46,175:DEBUG:discord.gateway: For Shard ID None: WebSocket Event: {'t': 'READY', 's': 1, 'op': 0, 'd': {'v': 6, 'user_settings': {}, 'user': {'verified': True, 'username': 'Sires-minion', 'mfa_enabled': True, 'id': '877779972184498206', 'flags': 0, 'email': None, 'discriminator': '9555', 'bot': True, 'avatar': 'abdd981d29119b2bc52ff4eaa1bd41fc'}, 'session_id': 'aa22e550fbed9a1209b7dd8315b74b88', 'relationships': [], 'private_channels': [], 'presences': [], 'guilds': [{'unavailable': True, 'id': '821415216368582717'}, {'unavailable': True, 'id': '878177944076439652'}], 'guild_join_requests': [], 'geo_ordered_rtc_regions': ['us-central', 'us-south', 'atlanta', 'us-east', 'newark'], 'application': {'id': '877779972184498206', 'flags': 262144}, '_trace': ['["gateway-prd-main-8lpm",{"micros":83700,"calls":["discord-sessions-green-prd-2-90",{"micros":82860,"calls":["start_session",{"micros":53015,"calls":["api-prd-main-3pb1",{"micros":49788,"calls":["get_user",{"micros":3444},"add_authorized_ip",{"micros":2077},"get_guilds",{"micros":25791},"coros_wait",{"micros":0}]}]},"guilds_connect",{"micros":2,"calls":[]},"presence_connect",{"micros":1,"calls":[]}]}]}]']}}
2021-08-22 05:21:46,175:DEBUG:discord.client: Dispatching event socket_response
2021-08-22 05:21:46,175:INFO:discord.gateway: Shard ID None has connected to Gateway: ["gateway-prd-main-8lpm",{"micros":83700,"calls":["discord-sessions-green-prd-2-90",{"micros":82860,"calls":["start_session",{"micros":53015,"calls":["api-prd-main-3pb1",{"micros":49788,"calls":["get_user",{"micros":3444},"add_authorized_ip",{"micros":2077},"get_guilds",{"micros":25791},"coros_wait",{"micros":0}]}]},"guilds_connect",{"micros":2,"calls":[]},"presence_connect",{"micros":1,"calls":[]}]}]}] (Session ID: aa22e550fbed9a1209b7dd8315b74b88).
2021-08-22 05:21:46,193:DEBUG:discord.client: Dispatching event connect
2021-08-22 05:21:46,193:DEBUG:discord.client: Dispatching event socket_raw_receive
2021-08-22 05:21:46,194:DEBUG:discord.gateway: For Shard ID None: WebSocket Event: {'t': 'GUILD_CREATE', 's': 2, 'op': 0, 'd': {'features': [], 'name': '--ðŸ’»--', 'owner_id': '653992040253620225', 'discovery_splash': None, 'description': None, 'lazy': True, 'voice_states': [], 'max_members': 100000, 'icon': '75eaf5b6d9857b4509b48432f617b8d8', 'nsfw_level': 0, 'region': 'southafrica', 'afk_channel_id': None, 'members': [{'user': {'username': 'Sires-minion', 'id': '877779972184498206', 'discriminator': '9555', 'bot': True, 'avatar': 'abdd981d29119b2bc52ff4eaa1bd41fc'}, 'roles': ['877788405931601930'], 'premium_since': None, 'pending': False, 'nick': None, 'mute': False, 'joined_at': '2021-08-19T05:37:44.518223+00:00', 'is_pending': False, 'hoisted_role': None, 'deaf': False, 'avatar': None}], 'stage_instances': [], 'premium_tier': 0, 'banner': None, 'nsfw': False, 'roles': [{'position': 0, 'permissions_new': '521942847041', 'permissions': 104320577, 'name': '@everyone', 'mentionable': False, 'managed': False, 'id': '821415216368582717', 'icon': None, 'hoist': False, 'color': 0}, {'position': 3, 'permissions_new': '8589410303', 'permissions': 2146959359, 'name': 'sl!ck', 'mentionable': True, 'managed': False, 'id': '825013825426292757', 'icon': None, 'hoist': True, 'color': 2588365}, {'tags': {'bot_id': '235088799074484224'}, 'position': 2, 'permissions_new': '8', 'permissions': 8, 'name': 'Music bot', 'mentionable': False, 'managed': True, 'id': '829046721878556723', 'icon': None, 'hoist': False, 'color': 15277667}, {'position': 1, 'permissions_new': '6546771537', 'permissions': 104320593, 'name': 'man', 'mentionable': False, 'managed': False, 'id': '829704267119591435', 'icon': None, 'hoist': False, 'color': 3066993}, {'tags': {'bot_id': '877779972184498206'}, 'position': 1, 'permissions_new': '8', 'permissions': 8, 'name': 'Sires-bot', 'mentionable': False, 'managed': True, 'id': '877788405931601930', 'hoist': False, 'color': 0}], 'joined_at': '2021-08-19T05:37:44.518223+00:00', 'explicit_content_filter': 0, 'guild_hashes': {'version': 1, 'roles': {'omitted': False, 'hash': '7OskwzMVuJg'}, 'metadata': {'omitted': False, 'hash': 'tP80QyeTLd8'}, 'channels': {'omitted': False, 'hash': 'Uqi7RrViTag'}}, 'rules_channel_id': None, 'public_updates_channel_id': None, 'splash': None, 'large': False, 'unavailable': False, 'max_video_channel_users': 25, 'default_message_notifications': 0, 'application_id': None, 'threads': [], 'verification_level': 0, 'application_command_counts': {'3': 0, '2': 0, '1': 48}, 'vanity_url_code': None, 'member_count': 16, 'presences': [], 'mfa_level': 0, 'id': '821415216368582717', 'preferred_locale': 'en-US', 'system_channel_id': '821415216368582722', 'guild_scheduled_events': [], 'emojis': [], 'channels': [{'type': 4, 'position': 0, 'permission_overwrites': [], 'name': 'Information', 'id': '821415216368582718'}, {'type': 0, 'topic': 'any helpful stuff , sheya!', 'rate_limit_per_user': 30, 'position': 2, 'permission_overwrites': [{'type': 'role', 'id': '829704267119591435', 'deny_new': '805316624', 'deny': 805316624, 'allow_new': '0', 'allow': 0}], 'parent_id': '821415216368582718', 'name': 'notes-resourcesðŸ’»ðŸ“‘', 'last_message_id': '849641043565740053', 'id': '821415216368582720'}, {'type': 4, 'position': 1, 'permission_overwrites': [], 'name': 'Text Channels', 'id': '821415216368582721'}, {'type': 0, 'topic': None, 'rate_limit_per_user': 0, 'position': 3, 'permission_overwrites': [{'type': 'role', 'id': '821415216368582717', 'deny_new': '0', 'deny': 0, 'allow_new': '2148006977', 'allow': 523329}], 'parent_id': '821415216368582721', 'name': 'general-chat', 'last_message_id': '878682293139554314', 'id': '821415216368582722'}, {'type': 4, 'position': 2, 'permission_overwrites': [], 'name': 'Voice Channels', 'id': '821415216800989186'}, {'user_limit': 0, 'type': 2, 'rtc_region': None, 'position': 0, 'permission_overwrites': [], 'parent_id': '821415216800989186', 'name': 'Study Room 1', 'id': '821415216800989188', 'bitrate': 62703}, {'user_limit': 0, 'type': 2, 'rtc_region': None, 'position': 1, 'permission_overwrites': [], 'parent_id': '821415216800989186', 'name': 'Study Room 2', 'id': '821415216800989189', 'bitrate': 59305}, {'type': 0, 'topic': None, 'rate_limit_per_user': 0, 'position': 5, 'permission_overwrites': [], 'parent_id': '821415216368582721', 'name': 'useful-linksðŸ”—', 'last_message_id': '849988339394019358', 'id': '821416361682534430'}, {'type': 0, 'topic': None, 'rate_limit_per_user': 0, 'position': 4, 'permission_overwrites': [{'type': 'role', 'id': '821415216368582717', 'deny_new': '0', 'deny': 0, 'allow_new': '515136', 'allow': 515136}], 'parent_id': '821415216368582721', 'name': 'anime-shows-movies', 'last_message_id': '846249698264481843', 'id': '822388209782095952'}, {'type': 0, 'topic': None, 'rate_limit_per_user': 0, 'position': 6, 'permission_overwrites': [], 'parent_id': '821415216368582721', 'name': 'memesðŸ‘º', 'last_message_id': '878582662225350686', 'id': '824291567569207317'}, {'type': 0, 'topic': None, 'rate_limit_per_user': 0, 'position': 1, 'permission_overwrites': [{'type': 'role', 'id': '821415216368582717', 'deny_new': '6144', 'deny': 6144, 'allow_new': '0', 'allow': 0}], 'parent_id': '821415216368582718', 'name': 'study-scheduleðŸ•“announcementsðŸ“£', 'last_message_id': '851062981025595443', 'id': '825005777402986546'}, {'type': 0, 'topic': None, 'rate_limit_per_user': 0, 'position': 7, 'permission_overwrites': [{'type': 'role', 'id': '821415216368582717', 'deny_new': '49152', 'deny': 49152, 'allow_new': '0', 'allow': 0}], 'parent_id': '821415216368582721', 'name': 'bot-commandsâ—', 'last_message_id': '877923674798313473', 'id': '829043795446071397'}, {'user_limit': 0, 'type': 2, 'rtc_region': None, 'position': 2, 'permission_overwrites': [], 'parent_id': '821415216800989186', 'name': 'musicðŸ”Š', 'id': '829049854965317692', 'bitrate': 64000}, {'type': 0, 'topic': None, 'rate_limit_per_user': 7200, 'position': 8, 'permission_overwrites': [], 'parent_id': '821415216368582721', 'name': 'self-promotion', 'last_message_id': '830776927094177813', 'id': '830776664107647025'}, {'user_limit': 0, 'type': 2, 'rtc_region': None, 'position': 3, 'permission_overwrites': [], 'parent_id': '821415216800989186', 'name': 'coding-debugging', 'id': '871003387074863105', 'bitrate': 64000}], 'afk_timeout': 300, 'system_channel_flags': 0, 'stickers': [], 'premium_subscription_count': 0, 'application_command_count': 48}}
2021-08-22 05:21:46,194:DEBUG:discord.client: Dispatching event socket_response
2021-08-22 05:21:46,195:DEBUG:discord.client: Dispatching event socket_raw_receive
2021-08-22 05:21:46,195:DEBUG:discord.gateway: For Shard ID None: WebSocket Event: {'t': 'GUILD_CREATE', 's': 3, 'op': 0, 'd': {'features': [], 'name': 'bot test', 'owner_id': '653992040253620225', 'discovery_splash': None, 'description': None, 'lazy': True, 'voice_states': [], 'max_members': 100000, 'icon': None, 'nsfw_level': 0, 'region': 'southafrica', 'afk_channel_id': None, 'members': [{'user': {'username': 'Sires-minion', 'id': '877779972184498206', 'discriminator': '9555', 'bot': True, 'avatar': 'abdd981d29119b2bc52ff4eaa1bd41fc'}, 'roles': ['878178800171646977'], 'mute': False, 'joined_at': '2021-08-20T07:29:01.762000+00:00', 'hoisted_role': None, 'deaf': False}], 'stage_instances': [], 'premium_tier': 0, 'banner': None, 'nsfw': False, 'roles': [{'position': 0, 'permissions_new': '521942847041', 'permissions': 104320577, 'name': '@everyone', 'mentionable': False, 'managed': False, 'id': '878177944076439652', 'icon': None, 'hoist': False, 'color': 0}, {'tags': {'bot_id': '877779972184498206'}, 'position': 1, 'permissions_new': '8', 'permissions': 8, 'name': 'Sires-bot', 'mentionable': False, 'managed': True, 'id': '878178800171646977', 'icon': None, 'hoist': False, 'color': 0}], 'joined_at': '2021-08-20T07:29:01.762000+00:00', 'explicit_content_filter': 0, 'guild_hashes': {'version': 1, 'roles': {'omitted': False, 'hash': 'nJk2vvulW1w'}, 'metadata': {'omitted': False, 'hash': 'WEwh+384/ek'}, 'channels': {'omitted': False, 'hash': '1gNl4wR2osk'}}, 'rules_channel_id': None, 'public_updates_channel_id': None, 'splash': None, 'large': False, 'unavailable': False, 'max_video_channel_users': 25, 'default_message_notifications': 0, 'application_id': None, 'threads': [], 'verification_level': 0, 'application_command_counts': {'3': 0, '2': 0, '1': 0}, 'vanity_url_code': None, 'member_count': 2, 'presences': [], 'mfa_level': 0, 'id': '878177944076439652', 'preferred_locale': 'en-US', 'system_channel_id': '878177944525225996', 'guild_scheduled_events': [], 'emojis': [], 'channels': [{'type': 4, 'position': 0, 'permission_overwrites': [], 'name': 'Text Channels', 'id': '878177944525225994'}, {'type': 4, 'position': 0, 'permission_overwrites': [], 'name': 'Voice Channels', 'id': '878177944525225995'}, {'type': 0, 'topic': None, 'rate_limit_per_user': 0, 'position': 0, 'permission_overwrites': [], 'parent_id': '878177944525225994', 'name': 'general', 'last_message_id': '878871386905526272', 'id': '878177944525225996'}, {'user_limit': 0, 'type': 2, 'rtc_region': None, 'position': 0, 'permission_overwrites': [], 'parent_id': '878177944525225995', 'name': 'General', 'id': '878177944525225997', 'bitrate': 64000}], 'afk_timeout': 300, 'system_channel_flags': 0, 'stickers': [], 'premium_subscription_count': 0, 'application_command_count': 0}}
2021-08-22 05:21:46,195:DEBUG:discord.client: Dispatching event socket_response
2021-08-22 05:21:46,196:DEBUG:discord.client: Dispatching event guild_available
2021-08-22 05:21:46,196:DEBUG:discord.client: Dispatching event guild_available
2021-08-22 05:21:48,198:DEBUG:discord.client: Dispatching event ready
2021-08-22 05:21:51,384:DEBUG:discord.client: Dispatching event socket_raw_receive
2021-08-22 05:21:51,384:DEBUG:discord.gateway: For Shard ID None: WebSocket Event: {'t': 'MESSAGE_CREATE', 's': 4, 'op': 0, 'd': {'type': 0, 'tts': False, 'timestamp': '2021-08-22T05:21:51.330000+00:00', 'referenced_message': None, 'pinned': False, 'nonce': '878871572331364352', 'mentions': [], 'mention_roles': [], 'mention_everyone': False, 'member': {'roles': [], 'mute': False, 'joined_at': '2021-08-20T07:25:37.629000+00:00', 'hoisted_role': None, 'deaf': False}, 'id': '878871571668815942', 'flags': 0, 'embeds': [], 'edited_timestamp': None, 'content': '$get entire price chart', 'components': [], 'channel_id': '878177944525225996', 'author': {'username': 'sire', 'public_flags': 256, 'id': '653992040253620225', 'discriminator': '9833', 'avatar': 'e41d98df12b19c3c3940e1efe92832cb'}, 'attachments': [], 'guild_id': '878177944076439652'}}
2021-08-22 05:21:51,384:DEBUG:discord.client: Dispatching event socket_response
2021-08-22 05:21:51,385:DEBUG:discord.client: Dispatching event message
2021-08-22 05:21:54,034:DEBUG:discord.client: Dispatching event socket_raw_receive
2021-08-22 05:21:54,034:DEBUG:discord.gateway: For Shard ID None: WebSocket Event: {'t': 'MESSAGE_CREATE', 's': 5, 'op': 0, 'd': {'type': 0, 'tts': False, 'timestamp': '2021-08-22T05:21:54.001000+00:00', 'referenced_message': None, 'pinned': False, 'mentions': [], 'mention_roles': [], 'mention_everyone': False, 'member': {'roles': ['878178800171646977'], 'mute': False, 'joined_at': '2021-08-20T07:29:01.762000+00:00', 'hoisted_role': None, 'deaf': False}, 'id': '878871582871801886', 'flags': 0, 'embeds': [], 'edited_timestamp': None, 'content': 'Bitcoin -> $49,101.61\nEthereum -> $3,238.39\nDogecoin -> $0.316830\nXRP -> $1.24\nLitecoin -> $187.14', 'components': [], 'channel_id': '878177944525225996', 'author': {'username': 'Sires-minion', 'public_flags': 0, 'id': '877779972184498206', 'discriminator': '9555', 'bot': True, 'avatar': 'abdd981d29119b2bc52ff4eaa1bd41fc'}, 'attachments': [], 'guild_id': '878177944076439652'}}
2021-08-22 05:21:54,035:DEBUG:discord.client: Dispatching event socket_response
2021-08-22 05:21:54,035:DEBUG:discord.client: Dispatching event message
2021-08-22 05:21:54,048:DEBUG:discord.http: POST https://discord.com/api/v7/channels/878177944525225996/messages with {"content":"Bitcoin -> $49,101.61\nEthereum -> $3,238.39\nDogecoin -> $0.316830\nXRP -> $1.24\nLitecoin -> $187.14\n"} has returned 200
2021-08-22 05:21:54,048:DEBUG:discord.http: POST https://discord.com/api/v7/channels/878177944525225996/messages has received {'id': '878871582871801886', 'type': 0, 'content': 'Bitcoin -> $49,101.61\nEthereum -> $3,238.39\nDogecoin -> $0.316830\nXRP -> $1.24\nLitecoin -> $187.14', 'channel_id': '878177944525225996', 'author': {'id': '877779972184498206', 'username': 'Sires-minion', 'avatar': 'abdd981d29119b2bc52ff4eaa1bd41fc', 'discriminator': '9555', 'public_flags': 0, 'bot': True}, 'attachments': [], 'embeds': [], 'mentions': [], 'mention_roles': [], 'pinned': False, 'mention_everyone': False, 'tts': False, 'timestamp': '2021-08-22T05:21:54.001000+00:00', 'edited_timestamp': None, 'flags': 0, 'components': [], 'referenced_message': None}
2021-08-22 05:22:27,301:DEBUG:discord.gateway: Keeping shard ID None websocket alive with sequence 5.
2021-08-22 05:22:27,342:DEBUG:discord.client: Dispatching event socket_raw_receive
2021-08-22 05:22:27,342:DEBUG:discord.gateway: For Shard ID None: WebSocket Event: {'t': None, 's': None, 'op': 11, 'd': None}
2021-08-22 05:22:27,342:DEBUG:discord.client: Dispatching event socket_response
2021-08-22 05:23:08,552:DEBUG:discord.gateway: Keeping shard ID None websocket alive with sequence 5.
2021-08-22 05:23:08,609:DEBUG:discord.client: Dispatching event socket_raw_receive
2021-08-22 05:23:08,610:DEBUG:discord.gateway: For Shard ID None: WebSocket Event: {'t': None, 's': None, 'op': 11, 'd': None}
2021-08-22 05:23:08,610:DEBUG:discord.client: Dispatching event socket_response
2021-08-22 05:23:49,804:DEBUG:discord.gateway: Keeping shard ID None websocket alive with sequence 5.
2021-08-22 05:23:49,845:DEBUG:discord.client: Dispatching event socket_raw_receive
2021-08-22 05:23:49,845:DEBUG:discord.gateway: For Shard ID None: WebSocket Event: {'t': None, 's': None, 'op': 11, 'd': None}
2021-08-22 05:23:49,845:DEBUG:discord.client: Dispatching event socket_response
2021-08-22 05:24:31,055:DEBUG:discord.gateway: Keeping shard ID None websocket alive with sequence 5.
2021-08-22 05:24:31,104:DEBUG:discord.client: Dispatching event socket_raw_receive
2021-08-22 05:24:31,104:DEBUG:discord.gateway: For Shard ID None: WebSocket Event: {'t': None, 's': None, 'op': 11, 'd': None}
2021-08-22 05:24:31,104:DEBUG:discord.client: Dispatching event socket_response
2021-08-22 05:25:12,306:DEBUG:discord.gateway: Keeping shard ID None websocket alive with sequence 5.
2021-08-22 05:25:12,346:DEBUG:discord.client: Dispatching event socket_raw_receive
2021-08-22 05:25:12,346:DEBUG:discord.gateway: For Shard ID None: WebSocket Event: {'t': None, 's': None, 'op': 11, 'd': None}
2021-08-22 05:25:12,346:DEBUG:discord.client: Dispatching event socket_response
2021-08-22 05:25:53,557:DEBUG:discord.gateway: Keeping shard ID None websocket alive with sequence 5.
2021-08-22 05:25:53,596:DEBUG:discord.client: Dispatching event socket_raw_receive
2021-08-22 05:25:53,596:DEBUG:discord.gateway: For Shard ID None: WebSocket Event: {'t': None, 's': None, 'op': 11, 'd': None}
2021-08-22 05:25:53,596:DEBUG:discord.client: Dispatching event socket_response
2021-08-22 05:26:34,810:DEBUG:discord.gateway: Keeping shard ID None websocket alive with sequence 5.
2021-08-22 05:26:34,849:DEBUG:discord.client: Dispatching event socket_raw_receive
2021-08-22 05:26:34,849:DEBUG:discord.gateway: For Shard ID None: WebSocket Event: {'t': None, 's': None, 'op': 11, 'd': None}
2021-08-22 05:26:34,850:DEBUG:discord.client: Dispatching event socket_response
2021-08-22 05:27:16,061:DEBUG:discord.gateway: Keeping shard ID None websocket alive with sequence 5.
2021-08-22 05:27:16,102:DEBUG:discord.client: Dispatching event socket_raw_receive
2021-08-22 05:27:16,102:DEBUG:discord.gateway: For Shard ID None: WebSocket Event: {'t': None, 's': None, 'op': 11, 'd': None}
2021-08-22 05:27:16,102:DEBUG:discord.client: Dispatching event socket_response
2021-08-22 05:27:57,312:DEBUG:discord.gateway: Keeping shard ID None websocket alive with sequence 5.
2021-08-22 05:27:57,351:DEBUG:discord.client: Dispatching event socket_raw_receive
2021-08-22 05:27:57,351:DEBUG:discord.gateway: For Shard ID None: WebSocket Event: {'t': None, 's': None, 'op': 11, 'd': None}
2021-08-22 05:27:57,351:DEBUG:discord.client: Dispatching event socket_response
